-------------------------------------------------------------------------------
Test set: loadPrediction.timerTask.TimerTask4LogMailingTest
-------------------------------------------------------------------------------
<<<<<<< HEAD
Tests run: 1, Failures: 0, Errors: 0, Skipped: 0, Time elapsed: 8.018 sec
=======
<<<<<<< HEAD
Tests run: 1, Failures: 0, Errors: 0, Skipped: 0, Time elapsed: 5.899 sec
=======
Tests run: 1, Failures: 0, Errors: 0, Skipped: 0, Time elapsed: 1.894 sec
>>>>>>> origin/develop
>>>>>>> origin/develop
